[debug] [2026-02-14T14:14:46.281Z] ----------------------------------------------------------------------
[debug] [2026-02-14T14:14:46.283Z] Command:       C:\Program Files\nodejs\node.exe C:\Users\Name\AppData\Roaming\npm\node_modules\firebase-tools\lib\bin\firebase.js deploy
[debug] [2026-02-14T14:14:46.283Z] CLI Version:   15.6.0
[debug] [2026-02-14T14:14:46.283Z] Platform:      win32
[debug] [2026-02-14T14:14:46.283Z] Node Version:  v24.13.1
[debug] [2026-02-14T14:14:46.283Z] Time:          Sat Feb 14 2026 22:14:46 GMT+0800 (Philippine Standard Time)
[debug] [2026-02-14T14:14:46.283Z] ----------------------------------------------------------------------
[debug] 
[debug] [2026-02-14T14:14:47.307Z] > command requires scopes: ["email","openid","https://www.googleapis.com/auth/cloudplatformprojects.readonly","https://www.googleapis.com/auth/firebase","https://www.googleapis.com/auth/cloud-platform"]
[debug] [2026-02-14T14:14:47.308Z] > authorizing via signed-in user (devprmsu@gmail.com)
[debug] [2026-02-14T14:14:47.308Z] [iam] checking project greenmind-5f7f3 for permissions ["firebase.projects.get","firebasehosting.sites.update"]
[debug] [2026-02-14T14:14:47.308Z] Checked if tokens are valid: true, expires at: 1771080210678
[debug] [2026-02-14T14:14:47.308Z] Checked if tokens are valid: true, expires at: 1771080210678
[debug] [2026-02-14T14:14:47.309Z] >>> [apiv2][query] POST https://cloudresourcemanager.googleapis.com/v1/projects/greenmind-5f7f3:testIamPermissions [none]
[debug] [2026-02-14T14:14:47.309Z] >>> [apiv2][(partial)header] POST https://cloudresourcemanager.googleapis.com/v1/projects/greenmind-5f7f3:testIamPermissions  x-goog-user-project=greenmind-5f7f3
[debug] [2026-02-14T14:14:47.309Z] >>> [apiv2][body] POST https://cloudresourcemanager.googleapis.com/v1/projects/greenmind-5f7f3:testIamPermissions {"permissions":["firebase.projects.get","firebasehosting.sites.update"]}
[debug] [2026-02-14T14:14:48.379Z] <<< [apiv2][status] POST https://cloudresourcemanager.googleapis.com/v1/projects/greenmind-5f7f3:testIamPermissions 200
[debug] [2026-02-14T14:14:48.379Z] <<< [apiv2][body] POST https://cloudresourcemanager.googleapis.com/v1/projects/greenmind-5f7f3:testIamPermissions {"permissions":["firebase.projects.get","firebasehosting.sites.update"]}
[debug] [2026-02-14T14:14:48.379Z] Checked if tokens are valid: true, expires at: 1771080210678
[debug] [2026-02-14T14:14:48.379Z] Checked if tokens are valid: true, expires at: 1771080210678
[debug] [2026-02-14T14:14:48.379Z] >>> [apiv2][query] GET https://firebase.googleapis.com/v1beta1/projects/greenmind-5f7f3 [none]
[debug] [2026-02-14T14:14:48.799Z] <<< [apiv2][status] GET https://firebase.googleapis.com/v1beta1/projects/greenmind-5f7f3 200
[debug] [2026-02-14T14:14:48.799Z] <<< [apiv2][body] GET https://firebase.googleapis.com/v1beta1/projects/greenmind-5f7f3 {"projectId":"greenmind-5f7f3","projectNumber":"1017245268699","displayName":"GreenMind","name":"projects/greenmind-5f7f3","resources":{"hostingSite":"greenmind-5f7f3"},"state":"ACTIVE","etag":"1_172d28f7-5971-43b4-b42f-186a65117067"}
[info] 
[info] === Deploying to 'greenmind-5f7f3'...
[info] 
[info] i  deploying hosting 
[debug] [2026-02-14T14:14:48.807Z] Checked if tokens are valid: true, expires at: 1771080210678
[debug] [2026-02-14T14:14:48.807Z] Checked if tokens are valid: true, expires at: 1771080210678
[debug] [2026-02-14T14:14:48.807Z] >>> [apiv2][query] POST https://firebasehosting.googleapis.com/v1beta1/projects/-/sites/greenmind-5f7f3/versions [none]
[debug] [2026-02-14T14:14:48.807Z] >>> [apiv2][body] POST https://firebasehosting.googleapis.com/v1beta1/projects/-/sites/greenmind-5f7f3/versions {"status":"CREATED","labels":{"deployment-tool":"cli-firebase"}}
[debug] [2026-02-14T14:14:50.734Z] <<< [apiv2][status] POST https://firebasehosting.googleapis.com/v1beta1/projects/-/sites/greenmind-5f7f3/versions 200
[debug] [2026-02-14T14:14:50.734Z] <<< [apiv2][body] POST https://firebasehosting.googleapis.com/v1beta1/projects/-/sites/greenmind-5f7f3/versions {"name":"projects/1017245268699/sites/greenmind-5f7f3/versions/5d7229d48e3fe8d0","status":"CREATED","config":{},"labels":{"deployment-tool":"cli-firebase"}}
[info] i  hosting[greenmind-5f7f3]: beginning deploy... 
[info] i  hosting[greenmind-5f7f3]: found 210781 files in . 
[debug] [2026-02-14T14:15:08.817Z] [hosting] uploading with 200 concurrency
[debug] [2026-02-14T14:15:08.818Z] [hosting] hash cache [] not populated
[debug] [2026-02-14T14:15:08.841Z] Error: EBUSY: resource busy or locked, open 'C:\Users\Name\ntuser.dat.LOG2'
[error] 
[error] Error: An unexpected error has occurred.
[debug] [2026-02-14T14:15:08.842Z] Error: EBUSY: resource busy or locked, open 'C:\Users\Name\ntuser.dat.LOG1'
[error] 
[error] Error: An unexpected error has occurred.
[debug] [2026-02-14T14:15:08.843Z] Error: EBUSY: resource busy or locked, open 'C:\Users\Name\NTUSER.DAT'
[error] 
[error] Error: An unexpected error has occurred.
[debug] [2026-02-14T14:15:08.849Z] Error: EISDIR: illegal operation on a directory, read
[error] 
[error] Error: An unexpected error has occurred.
